[2020-04-24 12:35:40] START
[2020-04-24 12:38:58] EDIT blog/models/db.py: 8
[2020-04-24 12:42:06] EDIT blog/models/db.py: 0
[2020-04-24 12:42:27] EDIT blog/models/db.py: 0
[2020-04-24 12:42:40] EDIT blog/models/db.py: 0
[2020-04-24 12:43:13] EDIT blog/models/db.py: 0
[2020-04-24 12:43:30] EDIT blog/models/db.py: 0
[2020-04-24 12:44:43] EDIT blog/models/db.py: 0
[2020-04-24 12:45:14] EDIT blog/models/db.py: 0
[2020-04-24 12:45:47] EDIT blog/models/db.py: 0
[2020-04-24 12:45:49] EDIT blog/models/db.py: 0
[2020-04-24 12:46:03] EDIT blog/models/db.py: 0
[2020-04-24 12:51:30] CREATE blog.py: 0
[2020-04-24 12:52:20] EDIT blog/controllers/blog.py: 2
[2020-04-24 12:52:31] EDIT blog/controllers/blog.py: 1
[2020-04-24 12:54:08] EDIT blog/controllers/blog.py: 2
[2020-04-24 12:54:16] EDIT blog/controllers/blog.py: 1
[2020-04-24 12:54:34] EDIT blog/controllers/blog.py: 0
[2020-04-24 12:55:49] CREATE blog/post.html: 0
[2020-04-24 12:56:23] CREATE blog/post.py: 0
[2020-04-24 12:56:35] DELETE blog/controllers/blog/post.py: -1
[2020-04-24 12:57:17] EDIT blog/views/blog/post.html: 0
[2020-04-24 13:07:01] EDIT blog/controllers/blog.py: 9
[2020-04-24 13:07:32] EDIT blog/controllers/blog.py: 0
[2020-04-24 13:13:58] EDIT blog/controllers/blog.py: 8
[2020-04-24 13:14:29] EDIT blog/controllers/blog.py: 0
[2020-04-24 13:15:47] CREATE blog/update.html: 0
[2020-04-24 13:16:24] EDIT blog/views/blog/update.html: 0
[2020-04-24 14:11:10] CREATE blog/view.html: 0
[2020-04-24 14:16:26] EDIT blog/views/blog/view.html: 19
